Build started 2015-06-21 00:00:06.
     1>Project "D:\projects\cuda\MonteCarloGPU\MonteCarloGPU.vcxproj" on node 2 (Build target(s)).
     1>AddCudaCompileDeps:
         C:\Program Files (x86)\Microsoft Visual Studio 12.0\VC\bin\x86_amd64\cl.exe /E /nologo /showIncludes /TP /D__CUDACC__ /DWIN32 /DWIN64 /D_DEBUG /D_CONSOLE /D_MBCS /I"C:\Program Files\NVIDIA GPU Computing Toolkit\CUDA\v7.0\include" /I"C:\Program Files\NVIDIA GPU Computing Toolkit\CUDA\v7.0\include" /I./ /I"C:\Program Files\NVIDIA GPU Computing Toolkit\CUDA\v7.0\/include" /I"C:\ProgramData\NVIDIA Corporation\CUDA Samples\v7.0\common\inc" /I"C:\Program Files\NVIDIA GPU Computing Toolkit\CUDA\v7.0\include" /I"C:\Program Files\NVIDIA GPU Computing Toolkit\CUDA\v7.0\bin" /I"C:\Program Files\NVIDIA GPU Computing Toolkit\CUDA\v7.0\include" /I. /FIcuda_runtime.h /c D:\projects\cuda\MonteCarloGPU\kernel.cu 
       CudaBuild:
         Compiling CUDA source file kernel.cu...
         cmd.exe /C "C:\Users\user\AppData\Local\Temp\tmp7c138d32de5d477faa5fb20cafe9d44a.cmd"
         "C:\Program Files\NVIDIA GPU Computing Toolkit\CUDA\v7.0\bin\nvcc.exe" -gencode=arch=compute_20,code=\"sm_20,compute_20\" --use-local-env --cl-version 2013 -ccbin "C:\Program Files (x86)\Microsoft Visual Studio 12.0\VC\bin\x86_amd64"  -I"C:\Program Files\NVIDIA GPU Computing Toolkit\CUDA\v7.0\include" -I"C:\Program Files\NVIDIA GPU Computing Toolkit\CUDA\v7.0\include" -I./ -I"C:\Program Files\NVIDIA GPU Computing Toolkit\CUDA\v7.0\/include" -I"C:\ProgramData\NVIDIA Corporation\CUDA Samples\v7.0\common\inc" -I"C:\Program Files\NVIDIA GPU Computing Toolkit\CUDA\v7.0\include" -I"C:\Program Files\NVIDIA GPU Computing Toolkit\CUDA\v7.0\include"  -G   --keep-dir x64\Debug -maxrregcount=0  --machine 64 --compile -cudart static  -g   -DWIN32 -DWIN64 -D_DEBUG -D_CONSOLE -D_MBCS -Xcompiler "/EHsc /W3 /nologo /Od /Zi /RTC1 /MDd  " -o x64\Debug\kernel.cu.obj "D:\projects\cuda\MonteCarloGPU\kernel.cu"
         
         D:\projects\cuda\MonteCarloGPU>"C:\Program Files\NVIDIA GPU Computing Toolkit\CUDA\v7.0\bin\nvcc.exe" -gencode=arch=compute_20,code=\"sm_20,compute_20\" --use-local-env --cl-version 2013 -ccbin "C:\Program Files (x86)\Microsoft Visual Studio 12.0\VC\bin\x86_amd64"  -I"C:\Program Files\NVIDIA GPU Computing Toolkit\CUDA\v7.0\include" -I"C:\Program Files\NVIDIA GPU Computing Toolkit\CUDA\v7.0\include" -I./ -I"C:\Program Files\NVIDIA GPU Computing Toolkit\CUDA\v7.0\/include" -I"C:\ProgramData\NVIDIA Corporation\CUDA Samples\v7.0\common\inc" -I"C:\Program Files\NVIDIA GPU Computing Toolkit\CUDA\v7.0\include" -I"C:\Program Files\NVIDIA GPU Computing Toolkit\CUDA\v7.0\include"  -G   --keep-dir x64\Debug -maxrregcount=0  --machine 64 --compile -cudart static  -g   -DWIN32 -DWIN64 -D_DEBUG -D_CONSOLE -D_MBCS -Xcompiler "/EHsc /W3 /nologo /Od /Zi /RTC1 /MDd  " -o x64\Debug\kernel.cu.obj "D:\projects\cuda\MonteCarloGPU\kernel.cu" 
         kernel.cu
     1>D:/projects/cuda/MonteCarloGPU/kernel.cu(68): warning C4244: 'initializing' : conversion from 'float' to 'const unsigned int', possible loss of data
     1>D:/projects/cuda/MonteCarloGPU/kernel.cu(72): warning C4244: 'argument' : conversion from 'double' to 'real', possible loss of data
     1>D:/projects/cuda/MonteCarloGPU/kernel.cu(72): warning C4244: 'argument' : conversion from 'const double' to 'real', possible loss of data
       ClCompile:
         C:\Program Files (x86)\Microsoft Visual Studio 12.0\VC\bin\x86_amd64\CL.exe /c /I"C:\Program Files\NVIDIA GPU Computing Toolkit\CUDA\v7.0\include" /I"C:\Program Files\NVIDIA GPU Computing Toolkit\CUDA\v7.0\include" /I./ /I"C:\Program Files\NVIDIA GPU Computing Toolkit\CUDA\v7.0\/include" /I"C:\ProgramData\NVIDIA Corporation\CUDA Samples\v7.0\common\inc" /I"C:\Program Files\NVIDIA GPU Computing Toolkit\CUDA\v7.0\include" /Zi /nologo /W3 /WX- /Od /D WIN32 /D WIN64 /D _DEBUG /D _CONSOLE /D _MBCS /Gm /EHsc /RTC1 /MDd /GS /fp:precise /Zc:wchar_t /Zc:forScope /Fo"x64\Debug\\" /Fd"x64\Debug\vc120.pdb" /Gd /TP /errorReport:prompt main.cpp
         main.cpp
       Link:
         C:\Program Files (x86)\Microsoft Visual Studio 12.0\VC\bin\x86_amd64\link.exe /ERRORREPORT:PROMPT /OUT:"C:\ProgramData\NVIDIA Corporation\CUDA Samples\v7.0\x64\Debug\MonteCarloGPU.exe" /INCREMENTAL /NOLOGO /LIBPATH:"C:\Program Files\NVIDIA GPU Computing Toolkit\CUDA\v7.0\lib\x64" cudart.lib kernel32.lib user32.lib gdi32.lib winspool.lib comdlg32.lib advapi32.lib shell32.lib ole32.lib oleaut32.lib uuid.lib odbc32.lib odbccp32.lib curand.lib kernel32.lib user32.lib gdi32.lib winspool.lib comdlg32.lib advapi32.lib shell32.lib ole32.lib oleaut32.lib uuid.lib odbc32.lib odbccp32.lib /MANIFEST /MANIFESTUAC:"level='asInvoker' uiAccess='false'" /manifest:embed /DEBUG /PDB:"C:\ProgramData\NVIDIA Corporation\CUDA Samples\v7.0\x64\Debug\MonteCarloGPU.pdb" /SUBSYSTEM:CONSOLE /TLBID:1 /DYNAMICBASE /NXCOMPAT /IMPLIB:"C:\ProgramData\NVIDIA Corporation\CUDA Samples\v7.0\x64\Debug\MonteCarloGPU.lib" /MACHINE:X64 x64\Debug\kernel.cu.obj
         x64\Debug\main.obj
         MonteCarloGPU.vcxproj -> C:\ProgramData\NVIDIA Corporation\CUDA Samples\v7.0\x64\Debug\MonteCarloGPU.exe
       PostBuildEvent:
         echo copy "C:\Program Files\NVIDIA GPU Computing Toolkit\CUDA\v7.0\bin\cudart*.dll" "C:\ProgramData\NVIDIA Corporation\CUDA Samples\v7.0\x64\Debug\"
         copy "C:\Program Files\NVIDIA GPU Computing Toolkit\CUDA\v7.0\bin\cudart*.dll" "C:\ProgramData\NVIDIA Corporation\CUDA Samples\v7.0\x64\Debug\"
         :VCEnd
         copy "C:\Program Files\NVIDIA GPU Computing Toolkit\CUDA\v7.0\bin\cudart*.dll" "C:\ProgramData\NVIDIA Corporation\CUDA Samples\v7.0\x64\Debug\"
         C:\Program Files\NVIDIA GPU Computing Toolkit\CUDA\v7.0\bin\cudart32_70.dll
         C:\Program Files\NVIDIA GPU Computing Toolkit\CUDA\v7.0\bin\cudart64_70.dll
                 2 file(s) copied.
     1>Done Building Project "D:\projects\cuda\MonteCarloGPU\MonteCarloGPU.vcxproj" (Build target(s)).

Build succeeded.

Time Elapsed 00:00:05.30
