Build started 2015-06-23 21:02:03.
     1>Project "D:\projects\cuda\MonteCarloCPU\MonteCarloCPU.vcxproj" on node 2 (Build target(s)).
     1>ClCompile:
         C:\Program Files (x86)\Microsoft Visual Studio 12.0\VC\bin\x86_amd64\CL.exe /c /I"C:\Program Files\NVIDIA GPU Computing Toolkit\CUDA\v7.0\include" /I"C:\Program Files\NVIDIA GPU Computing Toolkit\CUDA\v7.0\include" /I./ /I"C:\Program Files\NVIDIA GPU Computing Toolkit\CUDA\v7.0\/include" /I"C:\ProgramData\NVIDIA Corporation\CUDA Samples\v7.0\common\inc" /I"C:\Program Files\NVIDIA GPU Computing Toolkit\CUDA\v7.0\include" /Zi /nologo /W3 /WX- /Od /D WIN32 /D WIN64 /D _DEBUG /D _CONSOLE /D _MBCS /Gm /EHsc /RTC1 /MDd /GS /fp:precise /Zc:wchar_t /Zc:forScope /Fo"x64\Debug\\" /Fd"x64\Debug\vc120.pdb" /Gd /TP /errorReport:prompt main.cpp
         main.cpp
       Link:
         C:\Program Files (x86)\Microsoft Visual Studio 12.0\VC\bin\x86_amd64\link.exe /ERRORREPORT:PROMPT /OUT:"C:\ProgramData\NVIDIA Corporation\CUDA Samples\v7.0\x64\Debug\MonteCarloCPU.exe" /INCREMENTAL /NOLOGO /LIBPATH:"C:\Program Files\NVIDIA GPU Computing Toolkit\CUDA\v7.0\lib\x64" cudart.lib kernel32.lib user32.lib gdi32.lib winspool.lib comdlg32.lib advapi32.lib shell32.lib ole32.lib oleaut32.lib uuid.lib odbc32.lib odbccp32.lib curand.lib kernel32.lib user32.lib gdi32.lib winspool.lib comdlg32.lib advapi32.lib shell32.lib ole32.lib oleaut32.lib uuid.lib odbc32.lib odbccp32.lib /MANIFEST /MANIFESTUAC:"level='asInvoker' uiAccess='false'" /manifest:embed /DEBUG /PDB:"C:\ProgramData\NVIDIA Corporation\CUDA Samples\v7.0\x64\Debug\MonteCarloCPU.pdb" /SUBSYSTEM:CONSOLE /TLBID:1 /DYNAMICBASE /NXCOMPAT /IMPLIB:"C:\ProgramData\NVIDIA Corporation\CUDA Samples\v7.0\x64\Debug\MonteCarloCPU.lib" /MACHINE:X64 x64\Debug\main.obj
         x64\Debug\MonteCarlo_gold.obj
         MonteCarloCPU.vcxproj -> C:\ProgramData\NVIDIA Corporation\CUDA Samples\v7.0\x64\Debug\MonteCarloCPU.exe
       PostBuildEvent:
         echo copy "C:\Program Files\NVIDIA GPU Computing Toolkit\CUDA\v7.0\bin\cudart*.dll" "C:\ProgramData\NVIDIA Corporation\CUDA Samples\v7.0\x64\Debug\"
         copy "C:\Program Files\NVIDIA GPU Computing Toolkit\CUDA\v7.0\bin\cudart*.dll" "C:\ProgramData\NVIDIA Corporation\CUDA Samples\v7.0\x64\Debug\"
         :VCEnd
         copy "C:\Program Files\NVIDIA GPU Computing Toolkit\CUDA\v7.0\bin\cudart*.dll" "C:\ProgramData\NVIDIA Corporation\CUDA Samples\v7.0\x64\Debug\"
         C:\Program Files\NVIDIA GPU Computing Toolkit\CUDA\v7.0\bin\cudart32_70.dll
         C:\Program Files\NVIDIA GPU Computing Toolkit\CUDA\v7.0\bin\cudart64_70.dll
                 2 file(s) copied.
     1>Done Building Project "D:\projects\cuda\MonteCarloCPU\MonteCarloCPU.vcxproj" (Build target(s)).

Build succeeded.

Time Elapsed 00:00:00.85
