Build started 2015-06-23 03:18:24.
     1>Project "D:\projects\cuda\MonteCarloGPU\MonteCarloGPU.vcxproj" on node 2 (Build target(s)).
     1>AddCudaCompileDeps:
         C:\Program Files (x86)\Microsoft Visual Studio 12.0\VC\bin\x86_amd64\cl.exe /E /nologo /showIncludes /TP /D__CUDACC__ /DWIN32 /DWIN64 /DNDEBUG /D_CONSOLE /D_MBCS /I"C:\Program Files\NVIDIA GPU Computing Toolkit\CUDA\v7.0\include" /I"C:\Program Files\NVIDIA GPU Computing Toolkit\CUDA\v7.0\include" /I./ /I"C:\Program Files\NVIDIA GPU Computing Toolkit\CUDA\v7.0\/include" /I"C:\ProgramData\NVIDIA Corporation\CUDA Samples\v7.0\common\inc" /I"C:\Program Files\NVIDIA GPU Computing Toolkit\CUDA\v7.0\include" /I"C:\Program Files\NVIDIA GPU Computing Toolkit\CUDA\v7.0\bin" /I"C:\Program Files\NVIDIA GPU Computing Toolkit\CUDA\v7.0\include" /I. /FIcuda_runtime.h /c D:\projects\cuda\MonteCarloGPU\kernel.cu 
       CudaBuild:
         Compiling CUDA source file kernel.cu...
         cmd.exe /C "C:\Users\user\AppData\Local\Temp\tmpcebb9bdda3d6444f9fd0420c62a87bc6.cmd"
         "C:\Program Files\NVIDIA GPU Computing Toolkit\CUDA\v7.0\bin\nvcc.exe" -gencode=arch=compute_20,code=\"sm_20,compute_20\" --use-local-env --cl-version 2013 -ccbin "C:\Program Files (x86)\Microsoft Visual Studio 12.0\VC\bin\x86_amd64"  -I"C:\Program Files\NVIDIA GPU Computing Toolkit\CUDA\v7.0\include" -I"C:\Program Files\NVIDIA GPU Computing Toolkit\CUDA\v7.0\include" -I./ -I"C:\Program Files\NVIDIA GPU Computing Toolkit\CUDA\v7.0\/include" -I"C:\ProgramData\NVIDIA Corporation\CUDA Samples\v7.0\common\inc" -I"C:\Program Files\NVIDIA GPU Computing Toolkit\CUDA\v7.0\include" -I"C:\Program Files\NVIDIA GPU Computing Toolkit\CUDA\v7.0\include"     --keep-dir x64\Release -maxrregcount=0  --machine 64 --compile -cudart static     -DWIN32 -DWIN64 -DNDEBUG -D_CONSOLE -D_MBCS -Xcompiler "/EHsc /W3 /nologo /O2 /Zi  /MD  " -o x64\Release\kernel.cu.obj "D:\projects\cuda\MonteCarloGPU\kernel.cu"
         
         D:\projects\cuda\MonteCarloGPU>"C:\Program Files\NVIDIA GPU Computing Toolkit\CUDA\v7.0\bin\nvcc.exe" -gencode=arch=compute_20,code=\"sm_20,compute_20\" --use-local-env --cl-version 2013 -ccbin "C:\Program Files (x86)\Microsoft Visual Studio 12.0\VC\bin\x86_amd64"  -I"C:\Program Files\NVIDIA GPU Computing Toolkit\CUDA\v7.0\include" -I"C:\Program Files\NVIDIA GPU Computing Toolkit\CUDA\v7.0\include" -I./ -I"C:\Program Files\NVIDIA GPU Computing Toolkit\CUDA\v7.0\/include" -I"C:\ProgramData\NVIDIA Corporation\CUDA Samples\v7.0\common\inc" -I"C:\Program Files\NVIDIA GPU Computing Toolkit\CUDA\v7.0\include" -I"C:\Program Files\NVIDIA GPU Computing Toolkit\CUDA\v7.0\include"     --keep-dir x64\Release -maxrregcount=0  --machine 64 --compile -cudart static     -DWIN32 -DWIN64 -DNDEBUG -D_CONSOLE -D_MBCS -Xcompiler "/EHsc /W3 /nologo /O2 /Zi  /MD  " -o x64\Release\kernel.cu.obj "D:\projects\cuda\MonteCarloGPU\kernel.cu" 
         kernel.cu
     1>D:/projects/cuda/MonteCarloGPU/kernel.cu(56): warning C4244: 'initializing' : conversion from 'float' to 'const unsigned int', possible loss of data
       Link:
         C:\Program Files (x86)\Microsoft Visual Studio 12.0\VC\bin\x86_amd64\link.exe /ERRORREPORT:PROMPT /OUT:"D:\ae\ae2\masters_defense\MonteCarloGPU.exe" /NOLOGO /LIBPATH:"C:\Program Files\NVIDIA GPU Computing Toolkit\CUDA\v7.0\lib\x64" cudart.lib kernel32.lib user32.lib gdi32.lib winspool.lib comdlg32.lib advapi32.lib shell32.lib ole32.lib oleaut32.lib uuid.lib odbc32.lib odbccp32.lib curand.lib kernel32.lib user32.lib gdi32.lib winspool.lib comdlg32.lib advapi32.lib shell32.lib ole32.lib oleaut32.lib uuid.lib odbc32.lib odbccp32.lib /MANIFEST /MANIFESTUAC:"level='asInvoker' uiAccess='false'" /manifest:embed /DEBUG /PDB:"D:\ae\ae2\masters_defense\MonteCarloGPU.pdb" /SUBSYSTEM:CONSOLE /OPT:REF /OPT:ICF /LTCG /TLBID:1 /DYNAMICBASE /NXCOMPAT /IMPLIB:"D:\ae\ae2\masters_defense\MonteCarloGPU.lib" /MACHINE:X64 x64\Release\kernel.cu.obj
         x64\Release\main.obj
         Generating code
         Finished generating code
         MonteCarloGPU.vcxproj -> D:\ae\ae2\masters_defense\MonteCarloGPU.exe
       PostBuildEvent:
         echo copy "C:\Program Files\NVIDIA GPU Computing Toolkit\CUDA\v7.0\bin\cudart*.dll" "D:\ae\ae2\masters_defense\"
         copy "C:\Program Files\NVIDIA GPU Computing Toolkit\CUDA\v7.0\bin\cudart*.dll" "D:\ae\ae2\masters_defense\"
         :VCEnd
         copy "C:\Program Files\NVIDIA GPU Computing Toolkit\CUDA\v7.0\bin\cudart*.dll" "D:\ae\ae2\masters_defense\"
         C:\Program Files\NVIDIA GPU Computing Toolkit\CUDA\v7.0\bin\cudart32_70.dll
         C:\Program Files\NVIDIA GPU Computing Toolkit\CUDA\v7.0\bin\cudart64_70.dll
                 2 file(s) copied.
     1>Done Building Project "D:\projects\cuda\MonteCarloGPU\MonteCarloGPU.vcxproj" (Build target(s)).

Build succeeded.

Time Elapsed 00:00:04.98
